<?xml version="1.0" encoding="UTF-8"?>
<!-- Generated by org.testng.reporters.JUnitReportReporter -->
<testsuite hostname="MSI" failures="0" tests="6" name="api.test.DDTests" time="4.578" errors="0" timestamp="2024-01-01T10:04:38 CST" skipped="0">
  <testcase classname="api.test.DDTests" name="postUser" time="3.107"/>
  <system-out/>
  <testcase classname="api.test.DDTests" name="postUser" time="0.289"/>
  <system-out/>
  <testcase classname="api.test.DDTests" name="postUser" time="0.265"/>
  <system-out/>
  <testcase classname="api.test.DDTests" name="deleteUser" time="0.356"/>
  <system-out/>
  <testcase classname="api.test.DDTests" name="deleteUser" time="0.281"/>
  <system-out/>
  <testcase classname="api.test.DDTests" name="deleteUser" time="0.280"/>
  <system-out/>
</testsuite> <!-- api.test.DDTests -->
