<?xml version="1.0" encoding="UTF-8"?>
<!-- Generated by org.testng.reporters.JUnitReportReporter -->
<testsuite hostname="MSI" failures="0" tests="4" name="api.test.UserTests2" time="5.163" errors="0" timestamp="2024-01-01T20:18:25 CST" skipped="0">
  <testcase classname="api.test.UserTests2" name="createUser" time="3.938"/>
  <system-out/>
  <testcase classname="api.test.UserTests2" name="getUserByUserName" time="0.352"/>
  <system-out/>
  <testcase classname="api.test.UserTests2" name="updateUserByUserName" time="0.579"/>
  <system-out/>
  <testcase classname="api.test.UserTests2" name="deleteUserByUserName" time="0.294"/>
  <system-out/>
</testsuite> <!-- api.test.UserTests2 -->
