<?xml version="1.0" encoding="UTF-8"?>
<!-- Generated by org.testng.reporters.JUnitReportReporter -->
<testsuite hostname="MSI" failures="0" tests="9" name="api.test.UserTests" time="4.438" errors="0" timestamp="2024-03-17T16:08:22 CDT" skipped="0">
  <testcase classname="api.test.UserTests" name="postUser" time="2.153"/>
  <system-out/>
  <testcase classname="api.test.UserTests" name="postUser" time="0.290"/>
  <system-out/>
  <testcase classname="api.test.UserTests" name="postUser" time="0.287"/>
  <system-out/>
  <testcase classname="api.test.UserTests" name="getUser" time="0.276"/>
  <system-out/>
  <testcase classname="api.test.UserTests" name="getUser" time="0.313"/>
  <system-out/>
  <testcase classname="api.test.UserTests" name="getUser" time="0.328"/>
  <system-out/>
  <testcase classname="api.test.UserTests" name="deleteUser" time="0.266"/>
  <system-out/>
  <testcase classname="api.test.UserTests" name="deleteUser" time="0.260"/>
  <system-out/>
  <testcase classname="api.test.UserTests" name="deleteUser" time="0.265"/>
  <system-out/>
</testsuite> <!-- api.test.UserTests -->
