<?xml version="1.0" encoding="UTF-8"?>
<!-- Generated by org.testng.reporters.JUnitReportReporter -->
<testsuite hostname="MSI" failures="0" tests="4" name="api.test.UserTests2" time="2.785" errors="0" timestamp="2024-01-02T08:52:54 CST" skipped="0">
  <testcase classname="api.test.UserTests2" name="createUser" time="1.670"/>
  <system-out/>
  <testcase classname="api.test.UserTests2" name="getUserByUserName" time="0.286"/>
  <system-out/>
  <testcase classname="api.test.UserTests2" name="updateUserByUserName" time="0.555"/>
  <system-out/>
  <testcase classname="api.test.UserTests2" name="deleteUserByUserName" time="0.274"/>
  <system-out/>
</testsuite> <!-- api.test.UserTests2 -->
