<?xml version="1.0" encoding="UTF-8"?>
<!-- Generated by org.testng.reporters.JUnitReportReporter -->
<testsuite hostname="MSI" failures="0" tests="9" name="api.test.UserTests" time="4.251" errors="0" timestamp="2024-03-17T16:14:18 CDT" skipped="0">
  <testcase classname="api.test.UserTests" name="postUser" time="2.023"/>
  <system-out/>
  <testcase classname="api.test.UserTests" name="postUser" time="0.297"/>
  <system-out/>
  <testcase classname="api.test.UserTests" name="postUser" time="0.289"/>
  <system-out/>
  <testcase classname="api.test.UserTests" name="getUser" time="0.265"/>
  <system-out/>
  <testcase classname="api.test.UserTests" name="getUser" time="0.322"/>
  <system-out/>
  <testcase classname="api.test.UserTests" name="getUser" time="0.297"/>
  <system-out/>
  <testcase classname="api.test.UserTests" name="deleteUser" time="0.249"/>
  <system-out/>
  <testcase classname="api.test.UserTests" name="deleteUser" time="0.250"/>
  <system-out/>
  <testcase classname="api.test.UserTests" name="deleteUser" time="0.259"/>
  <system-out/>
</testsuite> <!-- api.test.UserTests -->
